<?xml version="1.0" encoding="UTF-8"?>
<!-- Generated by org.testng.reporters.JUnitXMLReporter -->
<testsuite hostname="DESKTOP-G0PDJFM" ignored="0" name="Default test" tests="3" failures="0" timestamp="2021-06-15T20:59:43 CEST" time="41.358" errors="0">
  <testcase name="addANewAddress" time="9.161" classname="projectTests.MyAddressesTests"/>
  <testcase name="deleteAddress" time="7.073" classname="projectTests.MyAddressesTests"/>
  <testcase name="updateAddress" time="10.836" classname="projectTests.MyAddressesTests"/>
</testsuite> <!-- Default test -->
