<?xml version="1.0" encoding="UTF-8"?>
<!-- Generated by org.testng.reporters.JUnitXMLReporter -->
<testsuite hostname="DESKTOP-G0PDJFM" ignored="0" name="Default test" tests="4" failures="0" timestamp="2021-06-15T20:19:59 CEST" time="66.174" errors="0">
  <testcase name="addWishList" time="9.369" classname="projectTests.MyWishlistTests"/>
  <testcase name="addMultipleWishlist" time="13.754" classname="projectTests.MyWishlistTests"/>
  <testcase name="deleteWishlist" time="5.94" classname="projectTests.MyWishlistTests"/>
  <testcase name="deleteAllWishlists" time="13.347" classname="projectTests.MyWishlistTests"/>
</testsuite> <!-- Default test -->
