<?xml version="1.0" encoding="UTF-8"?>
<testng-results skipped="0" failed="0" ignored="0" total="3" passed="3">
  <reporter-output>
  </reporter-output>
  <suite name="Default suite" duration-ms="41358" started-at="2021-06-15T20:59:02 CEST" finished-at="2021-06-15T20:59:43 CEST">
    <groups>
    </groups>
    <test name="Default test" duration-ms="41358" started-at="2021-06-15T20:59:02 CEST" finished-at="2021-06-15T20:59:43 CEST">
      <class name="projectTests.MyAddressesTests">
        <test-method status="PASS" signature="preSihTestova()[pri:0, instance:projectTests.MyAddressesTests@fad74ee]" name="preSihTestova" is-config="true" duration-ms="1974" started-at="2021-06-15T20:59:02 CEST" finished-at="2021-06-15T20:59:04 CEST">
          <reporter-output>
          </reporter-output>
        </test-method> <!-- preSihTestova -->
        <test-method status="PASS" signature="preSvakogTesta()[pri:0, instance:projectTests.MyAddressesTests@fad74ee]" name="preSvakogTesta" is-config="true" duration-ms="3324" started-at="2021-06-15T20:59:04 CEST" finished-at="2021-06-15T20:59:07 CEST">
          <reporter-output>
          </reporter-output>
        </test-method> <!-- preSvakogTesta -->
        <test-method status="PASS" signature="addANewAddress()[pri:0, instance:projectTests.MyAddressesTests@fad74ee]" name="addANewAddress" duration-ms="9161" started-at="2021-06-15T20:59:07 CEST" finished-at="2021-06-15T20:59:16 CEST">
          <reporter-output>
          </reporter-output>
        </test-method> <!-- addANewAddress -->
        <test-method status="PASS" signature="posleSvakogTesta()[pri:0, instance:projectTests.MyAddressesTests@fad74ee]" name="posleSvakogTesta" is-config="true" duration-ms="2703" started-at="2021-06-15T20:59:16 CEST" finished-at="2021-06-15T20:59:19 CEST">
          <reporter-output>
          </reporter-output>
        </test-method> <!-- posleSvakogTesta -->
        <test-method status="PASS" signature="preSvakogTesta()[pri:0, instance:projectTests.MyAddressesTests@fad74ee]" name="preSvakogTesta" is-config="true" duration-ms="1648" started-at="2021-06-15T20:59:19 CEST" finished-at="2021-06-15T20:59:20 CEST">
          <reporter-output>
          </reporter-output>
        </test-method> <!-- preSvakogTesta -->
        <test-method status="PASS" signature="deleteAddress()[pri:5, instance:projectTests.MyAddressesTests@fad74ee]" name="deleteAddress" duration-ms="7073" started-at="2021-06-15T20:59:20 CEST" finished-at="2021-06-15T20:59:28 CEST">
          <reporter-output>
          </reporter-output>
        </test-method> <!-- deleteAddress -->
        <test-method status="PASS" signature="posleSvakogTesta()[pri:0, instance:projectTests.MyAddressesTests@fad74ee]" name="posleSvakogTesta" is-config="true" duration-ms="1177" started-at="2021-06-15T20:59:28 CEST" finished-at="2021-06-15T20:59:29 CEST">
          <reporter-output>
          </reporter-output>
        </test-method> <!-- posleSvakogTesta -->
        <test-method status="PASS" signature="preSvakogTesta()[pri:0, instance:projectTests.MyAddressesTests@fad74ee]" name="preSvakogTesta" is-config="true" duration-ms="1088" started-at="2021-06-15T20:59:29 CEST" finished-at="2021-06-15T20:59:30 CEST">
          <reporter-output>
          </reporter-output>
        </test-method> <!-- preSvakogTesta -->
        <test-method status="PASS" signature="updateAddress()[pri:10, instance:projectTests.MyAddressesTests@fad74ee]" name="updateAddress" duration-ms="10836" started-at="2021-06-15T20:59:30 CEST" finished-at="2021-06-15T20:59:41 CEST">
          <reporter-output>
          </reporter-output>
        </test-method> <!-- updateAddress -->
        <test-method status="PASS" signature="posleSvakogTesta()[pri:0, instance:projectTests.MyAddressesTests@fad74ee]" name="posleSvakogTesta" is-config="true" duration-ms="2223" started-at="2021-06-15T20:59:41 CEST" finished-at="2021-06-15T20:59:43 CEST">
          <reporter-output>
          </reporter-output>
        </test-method> <!-- posleSvakogTesta -->
        <test-method status="PASS" signature="posleSihTestova()[pri:0, instance:projectTests.MyAddressesTests@fad74ee]" name="posleSihTestova" is-config="true" duration-ms="121" started-at="2021-06-15T20:59:43 CEST" finished-at="2021-06-15T20:59:43 CEST">
          <reporter-output>
          </reporter-output>
        </test-method> <!-- posleSihTestova -->
      </class> <!-- projectTests.MyAddressesTests -->
    </test> <!-- Default test -->
  </suite> <!-- Default suite -->
</testng-results>
